<?xml version="1.0" encoding="UTF-8"?>
<!-- Generated by org.testng.reporters.JUnitReportReporter -->
<testsuite hostname="DESKTOP-O45JNHA" failures="0" tests="2" name="Test.pack.Toverifygroww" time="12.890" errors="0" timestamp="2021-12-02T14:01:48 IST" skipped="0">
  <testcase classname="Test.pack.Toverifygroww" name="clickOnMyWatchlist" time="8.050"/>
  <system-out/>
  <testcase classname="Test.pack.Toverifygroww" name="verifyExplorebtn" time="4.840"/>
  <system-out/>
</testsuite> <!-- Test.pack.Toverifygroww -->
